<?xml version="1.0" encoding="utf-8"?><testsuites name="pytest tests"><testsuite name="pytest" errors="0" failures="0" skipped="0" tests="20" time="25.636" timestamp="2026-06-12T08:54:00.826231+00:00" hostname="agent-env-07a42c31-c08c-43da-94c5-91847979141e"><testcase classname="backend.tests.test_iter13_guest_persistence.TestSameDevicePersistence" name="test_same_device_returns_same_user" time="0.249" /><testcase classname="backend.tests.test_iter13_guest_persistence.TestUsagePersistsAcrossLogout" name="test_usage_count_survives_logout_and_re_auth" time="3.076" /><testcase classname="backend.tests.test_iter13_guest_persistence.TestRaceProtection" name="test_five_concurrent_requests_yield_one_doc" time="0.686" /><testcase classname="backend.tests.test_iter13_guest_persistence.TestNoDeviceIdFallback" name="test_empty_body_returns_valid_guest" time="0.049" /><testcase classname="backend.tests.test_iter13_guest_persistence.TestNoDeviceIdFallback" name="test_empty_string_device_id_returns_valid_guest" time="0.049" /><testcase classname="backend.tests.test_iter13_guest_persistence.TestRegression" name="test_admin_login_still_works" time="0.052" /><testcase classname="backend.tests.test_iter13_guest_persistence.TestRegression" name="test_auth_me_with_admin_token" time="0.094" /><testcase classname="backend.tests.test_iter13_guest_persistence.TestRegression" name="test_ai_tool_smart_reply_returns_3" time="1.766" /><testcase classname="backend.tests.test_iter13_guest_persistence.TestRegression" name="test_tts_voice_nova" time="1.703" /><testcase classname="backend.tests.test_iter13_guest_persistence.TestRegression" name="test_tts_voice_coral" time="3.392" /><testcase classname="backend.tests.test_iter11_reply_and_tts.TestSmartReply" name="test_smart_reply_english_returns_4_no_translation" time="1.033" /><testcase classname="backend.tests.test_iter11_reply_and_tts.TestSmartReply" name="test_smart_reply_hindi_returns_4_each_with_english_translation" time="0.858" /><testcase classname="backend.tests.test_iter11_reply_and_tts.TestTTS" name="test_tts_hindi_uses_coral_voice" time="1.676" /><testcase classname="backend.tests.test_iter11_reply_and_tts.TestTTS" name="test_tts_english_uses_nova_voice" time="2.429" /><testcase classname="backend.tests.test_iter11_reply_and_tts.TestRegression" name="test_grammar_tool" time="1.289" /><testcase classname="backend.tests.test_iter11_reply_and_tts.TestRegression" name="test_paraphrase_tool" time="0.810" /><testcase classname="backend.tests.test_iter11_reply_and_tts.TestRegression" name="test_vocab_tool" time="2.839" /><testcase classname="backend.tests.test_iter12_paraphrase_translation.TestParaphraseEnglish" name="test_paraphrase_english_returns_3_no_translation_suffix" time="1.220" /><testcase classname="backend.tests.test_iter12_paraphrase_translation.TestParaphraseHindi" name="test_paraphrase_hindi_returns_3_each_with_english_translation" time="1.290" /><testcase classname="backend.tests.test_iter12_paraphrase_translation.TestSmartReplyCountRegression" name="test_smart_reply_english_returns_exactly_3" time="0.927" /></testsuite></testsuites>