<?xml version="1.0" encoding="utf-8"?><testsuites name="pytest tests"><testsuite name="pytest" errors="0" failures="0" skipped="0" tests="13" time="4.716" timestamp="2026-06-11T02:23:26.085263+00:00" hostname="agent-env-07a42c31-c08c-43da-94c5-91847979141e"><testcase classname="backend.tests.test_iter10_auth_and_guest.TestRegister" name="test_register_success" time="0.723" /><testcase classname="backend.tests.test_iter10_auth_and_guest.TestRegister" name="test_register_duplicate_email" time="0.100" /><testcase classname="backend.tests.test_iter10_auth_and_guest.TestRegister" name="test_register_short_password" time="0.117" /><testcase classname="backend.tests.test_iter10_auth_and_guest.TestRegister" name="test_register_admin_email_blocked" time="0.109" /><testcase classname="backend.tests.test_iter10_auth_and_guest.TestLogin" name="test_login_success" time="0.336" /><testcase classname="backend.tests.test_iter10_auth_and_guest.TestLogin" name="test_login_wrong_password" time="0.335" /><testcase classname="backend.tests.test_iter10_auth_and_guest.TestLogin" name="test_login_unknown_email" time="0.111" /><testcase classname="backend.tests.test_iter10_auth_and_guest.TestLogin" name="test_admin_login_via_email_form" time="0.109" /><testcase classname="backend.tests.test_iter10_auth_and_guest.TestGuestDevice" name="test_guest_same_device_returns_same_user" time="0.222" /><testcase classname="backend.tests.test_iter10_auth_and_guest.TestGuestDevice" name="test_guest_different_devices_different_users" time="0.228" /><testcase classname="backend.tests.test_iter10_auth_and_guest.TestGuestDevice" name="test_guest_no_body_backcompat" time="0.121" /><testcase classname="backend.tests.test_iter10_auth_and_guest.TestSessionUsage" name="test_me_endpoint" time="0.471" /><testcase classname="backend.tests.test_iter10_auth_and_guest.TestSessionUsage" name="test_ai_tool_with_session" time="1.648" /></testsuite></testsuites>