<?xml version="1.0" encoding="utf-8"?><testsuites name="pytest tests"><testsuite name="pytest" errors="0" failures="0" skipped="0" tests="26" time="27.118" timestamp="2026-06-13T02:36:13.298465+00:00" hostname="agent-env-07a42c31-c08c-43da-94c5-91847979141e"><testcase classname="backend.tests.test_iter11_reply_and_tts.TestSmartReply" name="test_smart_reply_english_returns_4_no_translation" time="1.180" /><testcase classname="backend.tests.test_iter11_reply_and_tts.TestSmartReply" name="test_smart_reply_hindi_returns_4_each_with_english_translation" time="1.287" /><testcase classname="backend.tests.test_iter11_reply_and_tts.TestTTS" name="test_tts_hindi_uses_coral_voice" time="2.521" /><testcase classname="backend.tests.test_iter11_reply_and_tts.TestTTS" name="test_tts_english_uses_nova_voice" time="4.044" /><testcase classname="backend.tests.test_iter11_reply_and_tts.TestRegression" name="test_grammar_tool" time="1.428" /><testcase classname="backend.tests.test_iter11_reply_and_tts.TestRegression" name="test_paraphrase_tool" time="0.905" /><testcase classname="backend.tests.test_iter11_reply_and_tts.TestRegression" name="test_vocab_tool" time="2.771" /><testcase classname="backend.tests.test_iter12_paraphrase_translation.TestParaphraseEnglish" name="test_paraphrase_english_returns_3_no_translation_suffix" time="1.275" /><testcase classname="backend.tests.test_iter12_paraphrase_translation.TestParaphraseHindi" name="test_paraphrase_hindi_returns_3_each_with_english_translation" time="1.156" /><testcase classname="backend.tests.test_iter12_paraphrase_translation.TestSmartReplyCountRegression" name="test_smart_reply_english_returns_exactly_3" time="0.806" /><testcase classname="backend.tests.test_iter13_guest_persistence.TestSameDevicePersistence" name="test_same_device_returns_same_user" time="0.209" /><testcase classname="backend.tests.test_iter13_guest_persistence.TestUsagePersistsAcrossLogout" name="test_usage_count_survives_logout_and_re_auth" time="3.297" /><testcase classname="backend.tests.test_iter13_guest_persistence.TestRaceProtection" name="test_five_concurrent_requests_yield_one_doc" time="0.765" /><testcase classname="backend.tests.test_iter13_guest_persistence.TestNoDeviceIdFallback" name="test_empty_body_returns_valid_guest" time="0.042" /><testcase classname="backend.tests.test_iter13_guest_persistence.TestNoDeviceIdFallback" name="test_empty_string_device_id_returns_valid_guest" time="0.082" /><testcase classname="backend.tests.test_iter13_guest_persistence.TestRegression" name="test_admin_login_still_works" time="0.046" /><testcase classname="backend.tests.test_iter13_guest_persistence.TestRegression" name="test_auth_me_with_admin_token" time="0.108" /><testcase classname="backend.tests.test_iter13_guest_persistence.TestRegression" name="test_ai_tool_smart_reply_returns_3" time="0.990" /><testcase classname="backend.tests.test_iter13_guest_persistence.TestRegression" name="test_tts_voice_nova" time="1.531" /><testcase classname="backend.tests.test_iter13_guest_persistence.TestRegression" name="test_tts_voice_coral" time="1.750" /><testcase classname="backend.tests.test_iter14_setup_complete.TestSetupCompleteAdmin" name="test_admin_setup_complete_sets_flag" time="0.175" /><testcase classname="backend.tests.test_iter14_setup_complete.TestSetupCompleteAdmin" name="test_auth_me_reflects_setup_completed" time="0.141" /><testcase classname="backend.tests.test_iter14_setup_complete.TestFreshGuestDefaultsFalse" name="test_fresh_guest_setup_completed_false" time="0.097" /><testcase classname="backend.tests.test_iter14_setup_complete.TestSetupCompletedPersistsAcrossSessions" name="test_flag_survives_logout_and_relogin" time="0.280" /><testcase classname="backend.tests.test_iter14_setup_complete.TestSetupCompleteUnauthorized" name="test_no_token_returns_401" time="0.043" /><testcase classname="backend.tests.test_iter14_setup_complete.TestSetupCompleteUnauthorized" name="test_bad_token_returns_401" time="0.046" /></testsuite></testsuites>