<?xml version="1.0" encoding="utf-8"?><testsuites name="pytest tests"><testsuite name="pytest" errors="0" failures="0" skipped="0" tests="10" time="16.589" timestamp="2026-06-12T05:14:08.100997+00:00" hostname="agent-env-07a42c31-c08c-43da-94c5-91847979141e"><testcase classname="tests.test_iter11_reply_and_tts.TestSmartReply" name="test_smart_reply_english_returns_4_no_translation" time="1.741" /><testcase classname="tests.test_iter11_reply_and_tts.TestSmartReply" name="test_smart_reply_hindi_returns_4_each_with_english_translation" time="1.122" /><testcase classname="tests.test_iter11_reply_and_tts.TestTTS" name="test_tts_hindi_uses_coral_voice" time="2.340" /><testcase classname="tests.test_iter11_reply_and_tts.TestTTS" name="test_tts_english_uses_nova_voice" time="2.718" /><testcase classname="tests.test_iter11_reply_and_tts.TestRegression" name="test_grammar_tool" time="1.485" /><testcase classname="tests.test_iter11_reply_and_tts.TestRegression" name="test_paraphrase_tool" time="0.939" /><testcase classname="tests.test_iter11_reply_and_tts.TestRegression" name="test_vocab_tool" time="2.813" /><testcase classname="tests.test_iter12_paraphrase_translation.TestParaphraseEnglish" name="test_paraphrase_english_returns_3_no_translation_suffix" time="1.174" /><testcase classname="tests.test_iter12_paraphrase_translation.TestParaphraseHindi" name="test_paraphrase_hindi_returns_3_each_with_english_translation" time="1.299" /><testcase classname="tests.test_iter12_paraphrase_translation.TestSmartReplyCountRegression" name="test_smart_reply_english_returns_exactly_3" time="0.870" /></testsuite></testsuites>