<?xml version="1.0" encoding="utf-8"?><testsuites name="pytest tests"><testsuite name="pytest" errors="0" failures="0" skipped="0" tests="12" time="24.952" timestamp="2026-06-08T17:08:01.889616+00:00" hostname="agent-env-07a42c31-c08c-43da-94c5-91847979141e"><testcase classname="backend.tests.test_subscription.TestPlansEndpoint" name="test_plans_public_no_auth" time="0.325" /><testcase classname="backend.tests.test_subscription.TestSubscribeWeekly" name="test_weekly_subscribe_full_flow" time="11.841" /><testcase classname="backend.tests.test_subscription.TestSubscribeMonthly" name="test_monthly_subscribe" time="0.224" /><testcase classname="backend.tests.test_subscription.TestStacking" name="test_weekly_twice_stacks" time="0.360" /><testcase classname="backend.tests.test_subscription.TestCancel" name="test_cancel_clears_subscription_and_reenables_limit" time="0.361" /><testcase classname="backend.tests.test_subscription.TestAdminPrecedence" name="test_admin_cancel_keeps_premium" time="0.280" /><testcase classname="backend.tests.test_subscription.TestWhitelistedSubscribePrecedence" name="test_whitelisted_user_subscribe_keeps_admin_source" time="0.720" /><testcase classname="backend.tests.test_subscription.TestWhitelistRemovalWithActiveSub" name="test_remove_whitelist_keeps_premium_when_subscribed" time="0.691" /><testcase classname="backend.tests.test_subscription.TestInvalidPlan" name="test_invalid_plan_returns_400" time="0.245" /><testcase classname="backend.tests.test_subscription.TestSubscribeWithoutAuth" name="test_no_auth_returns_401" time="0.123" /><testcase classname="backend.tests.test_subscription.TestSubscribeWithoutAuth" name="test_cancel_no_auth_returns_401" time="0.148" /><testcase classname="backend.tests.test_subscription.TestFreeLimitRegression" name="test_eleventh_call_returns_429" time="9.540" /></testsuite></testsuites>