<?xml version="1.0" encoding="utf-8"?><testsuites name="pytest tests"><testsuite name="pytest" errors="0" failures="0" skipped="0" tests="10" time="15.339" timestamp="2026-06-10T20:04:14.667105+00:00" hostname="agent-env-07a42c31-c08c-43da-94c5-91847979141e"><testcase classname="backend.tests.test_chat_response_language.TestChatResponseLanguage" name="test_health" time="0.388" /><testcase classname="backend.tests.test_chat_response_language.TestChatResponseLanguage" name="test_chat_backward_compatible_no_field" time="1.363" /><testcase classname="backend.tests.test_chat_response_language.TestChatResponseLanguage" name="test_chat_response_language_auto" time="1.002" /><testcase classname="backend.tests.test_chat_response_language.TestChatResponseLanguage" name="test_chat_response_language_hindi_uses_devanagari" time="1.264" /><testcase classname="backend.tests.test_chat_response_language.TestChatResponseLanguage" name="test_chat_response_language_hinglish_is_roman_only" time="1.515" /><testcase classname="backend.tests.test_chat_response_language.TestChatResponseLanguage" name="test_chat_response_language_konkani_deva" time="2.110" /><testcase classname="backend.tests.test_chat_response_language.TestChatResponseLanguage" name="test_chat_response_language_konkani_romi" time="1.972" /><testcase classname="backend.tests.test_chat_response_language.TestChatResponseLanguage" name="test_translation_format_with_hindi_reply_language" time="1.558" /><testcase classname="backend.tests.test_chat_response_language.TestChatResponseLanguage" name="test_chat_request_accepts_optional_response_language" time="2.413" /><testcase classname="backend.tests.test_chat_response_language.TestChatResponseLanguage" name="test_chat_history_endpoint" time="1.685" /></testsuite></testsuites>