<?xml version="1.0" encoding="utf-8"?><testsuites name="pytest tests"><testsuite name="pytest" errors="0" failures="0" skipped="0" tests="10" time="19.808" timestamp="2026-06-09T03:51:56.146785+00:00" hostname="agent-env-07a42c31-c08c-43da-94c5-91847979141e"><testcase classname="backend.tests.test_iter7_ai_tools_v2.TestAuth" name="test_guest_returns_token_and_usage_fields" time="0.309" /><testcase classname="backend.tests.test_iter7_ai_tools_v2.TestAuth" name="test_me_returns_usage_fields" time="0.053" /><testcase classname="backend.tests.test_iter7_ai_tools_v2.TestSynonyms" name="test_synonyms_pipe_format" time="1.425" /><testcase classname="backend.tests.test_iter7_ai_tools_v2.TestAntonyms" name="test_antonyms_pipe_format" time="0.900" /><testcase classname="backend.tests.test_iter7_ai_tools_v2.TestGrammar" name="test_grammar_returns_corrected_and_examples" time="1.415" /><testcase classname="backend.tests.test_iter7_ai_tools_v2.TestGrammar" name="test_grammar_already_correct_text" time="1.465" /><testcase classname="backend.tests.test_iter7_ai_tools_v2.TestIdioms" name="test_idioms_six_clean_lines" time="1.357" /><testcase classname="backend.tests.test_iter7_ai_tools_v2.TestVocabTamil" name="test_vocab_tamil_script" time="2.925" /><testcase classname="backend.tests.test_iter7_ai_tools_v2.TestVocabFullTelugu" name="test_vocab_full_telugu_schema" time="7.937" /><testcase classname="backend.tests.test_iter7_ai_tools_v2.TestChat" name="test_chat_returns_natural_reply" time="1.926" /></testsuite></testsuites>