<?xml version="1.0" encoding="utf-8"?><testsuites name="pytest tests"><testsuite name="pytest" errors="0" failures="0" skipped="0" tests="6" time="1.460" timestamp="2026-06-12T08:53:54.686604+00:00" hostname="agent-env-07a42c31-c08c-43da-94c5-91847979141e"><testcase classname="backend.tests.test_iter14_setup_complete.TestSetupCompleteAdmin" name="test_admin_setup_complete_sets_flag" time="0.388" /><testcase classname="backend.tests.test_iter14_setup_complete.TestSetupCompleteAdmin" name="test_auth_me_reflects_setup_completed" time="0.167" /><testcase classname="backend.tests.test_iter14_setup_complete.TestFreshGuestDefaultsFalse" name="test_fresh_guest_setup_completed_false" time="0.136" /><testcase classname="backend.tests.test_iter14_setup_complete.TestSetupCompletedPersistsAcrossSessions" name="test_flag_survives_logout_and_relogin" time="0.475" /><testcase classname="backend.tests.test_iter14_setup_complete.TestSetupCompleteUnauthorized" name="test_no_token_returns_401" time="0.077" /><testcase classname="backend.tests.test_iter14_setup_complete.TestSetupCompleteUnauthorized" name="test_bad_token_returns_401" time="0.080" /></testsuite></testsuites>