<?xml version="1.0" encoding="utf-8"?><testsuites name="pytest tests"><testsuite name="pytest" errors="0" failures="1" skipped="0" tests="8" time="19.950" timestamp="2026-06-08T16:11:58.199881+00:00" hostname="agent-env-07a42c31-c08c-43da-94c5-91847979141e"><testcase classname="backend.tests.test_vocab_enhanced.TestVocabSchema" name="test_vocab_hindi_shape" time="2.330" /><testcase classname="backend.tests.test_vocab_enhanced.TestVocabSchema" name="test_vocab_sanskrit_shape" time="2.022" /><testcase classname="backend.tests.test_vocab_enhanced.TestVocabSchema" name="test_vocab_tamil_shape" time="1.668"><failure message="AssertionError: Tamil meaning_translated not Tamil script: एक व्यक्ति जो दयालु है और दूसरों की मदद करना चाहता है।&#10;assert False&#10; +  where False = _has_script('एक व्यक्ति जो दयालु है और दूसरों की मदद करना चाहता है।', ('\u0b80', '\u0bff'))">backend/tests/test_vocab_enhanced.py:129: in test_vocab_tamil_shape
    assert _has_script(body["data"]["meaning_translated"], TAMIL), \
E   AssertionError: Tamil meaning_translated not Tamil script: एक व्यक्ति जो दयालु है और दूसरों की मदद करना चाहता है।
E   assert False
E    +  where False = _has_script('एक व्यक्ति जो दयालु है और दूसरों की मदद करना चाहता है।', ('\u0b80', '\u0bff'))</failure></testcase><testcase classname="backend.tests.test_vocab_enhanced.TestOtherTools" name="test_grammar_no_data_field" time="0.956" /><testcase classname="backend.tests.test_vocab_enhanced.TestOtherTools" name="test_smart_reply_multiple_items" time="1.340" /><testcase classname="backend.tests.test_vocab_enhanced.TestOtherTools" name="test_translate_sanskrit" time="0.836" /><testcase classname="backend.tests.test_vocab_enhanced.TestLimits" name="test_free_user_429_on_6th" time="4.662" /><testcase classname="backend.tests.test_vocab_enhanced.TestLimits" name="test_admin_unlimited" time="6.028" /></testsuite></testsuites>