<?xml version="1.0" encoding="utf-8"?><testsuites name="pytest tests"><testsuite name="pytest" errors="0" failures="0" skipped="0" tests="10" time="29.176" timestamp="2026-06-08T16:31:50.804585+00:00" hostname="agent-env-07a42c31-c08c-43da-94c5-91847979141e"><testcase classname="test_no_premium_iter3.TestFreeTierTenPerDay" name="test_guest_can_make_10_calls_then_11th_returns_429" time="8.970" /><testcase classname="test_no_premium_iter3.TestAdmin" name="test_admin_login" time="0.115" /><testcase classname="test_no_premium_iter3.TestAdmin" name="test_admin_me_flags" time="0.053" /><testcase classname="test_no_premium_iter3.TestAdmin" name="test_admin_unlimited_12_calls" time="9.037" /><testcase classname="test_no_premium_iter3.TestAdminWhitelist" name="test_add_and_list" time="0.108" /><testcase classname="test_no_premium_iter3.TestAdminWhitelist" name="test_cleanup" time="0.056" /><testcase classname="test_no_premium_iter3.TestVocabScripts" name="test_vocab_script[Telugu-3072-3199]" time="3.794" /><testcase classname="test_no_premium_iter3.TestVocabScripts" name="test_vocab_script[Tamil-2944-3071]" time="3.496" /><testcase classname="test_no_premium_iter3.TestVocabScripts" name="test_vocab_script[Bengali-2432-2559]" time="3.429" /><testcase classname="test_no_premium_iter3.TestNoPricingEndpoint" name="test_pricing_endpoint_absent" time="0.051" /></testsuite></testsuites>