<?xml version="1.0" encoding="utf-8"?><testsuites name="pytest tests"><testsuite name="pytest" errors="0" failures="0" skipped="0" tests="5" time="24.992" timestamp="2026-06-08T20:00:20.488962+00:00" hostname="agent-env-07a42c31-c08c-43da-94c5-91847979141e"><testcase classname="backend.tests.test_describe_chat_transfer" name="test_b1_vocab_slim_hindi" time="2.520" /><testcase classname="backend.tests.test_describe_chat_transfer" name="test_b2_vocab_slim_english" time="3.488" /><testcase classname="backend.tests.test_describe_chat_transfer" name="test_b3_vocab_full_hindi" time="4.001" /><testcase classname="backend.tests.test_describe_chat_transfer" name="test_b4_vocab_full_telugu_idioms_script" time="7.663" /><testcase classname="backend.tests.test_describe_chat_transfer" name="test_b5_vocab_full_english_mirror" time="7.222" /></testsuite></testsuites>