<?xml version="1.0" encoding="utf-8"?><testsuites name="pytest tests"><testsuite name="pytest" errors="0" failures="0" skipped="0" tests="12" time="29.471" timestamp="2026-06-13T05:35:35.565197+00:00" hostname="agent-env-07a42c31-c08c-43da-94c5-91847979141e"><testcase classname="backend.tests.test_iter16_usage_counter.TestGuestCounter" name="test_guest_counter_increments_3_times" time="3.117" /><testcase classname="backend.tests.test_iter16_usage_counter.TestGuestCounter" name="test_guest_counter_persists_across_logout_relogin" time="0.169" /><testcase classname="backend.tests.test_iter16_usage_counter.TestNormalUserCounterAndLimit" name="test_register_and_counter_increments_4_times" time="3.537" /><testcase classname="backend.tests.test_iter16_usage_counter.TestNormalUserCounterAndLimit" name="test_daily_limit_429_at_11th_call" time="4.510" /><testcase classname="backend.tests.test_iter16_usage_counter.TestAdminNotCounted" name="test_admin_calls_dont_bump_counter" time="3.344" /><testcase classname="backend.tests.test_iter16_usage_counter.TestRegression" name="test_smart_reply_returns_3" time="0.725" /><testcase classname="backend.tests.test_iter16_usage_counter.TestRegression" name="test_paraphrase_returns_3" time="0.946" /><testcase classname="backend.tests.test_iter16_usage_counter.TestRegression" name="test_tts_voices[nova]" time="1.559" /><testcase classname="backend.tests.test_iter16_usage_counter.TestRegression" name="test_tts_voices[coral]" time="2.165" /><testcase classname="backend.tests.test_iter16_usage_counter.TestRegression" name="test_vocab_full_valid_word" time="6.460" /><testcase classname="backend.tests.test_iter16_usage_counter.TestRegression" name="test_vocab_full_gibberish" time="2.749" /><testcase classname="backend.tests.test_iter16_usage_counter.TestRegression" name="test_guest_premium_denial" time="0.046" /></testsuite></testsuites>