<?xml version="1.0" encoding="utf-8"?><testsuites name="pytest tests"><testsuite name="pytest" errors="0" failures="0" skipped="0" tests="10" time="9.070" timestamp="2026-06-12T05:25:25.809268+00:00" hostname="agent-env-07a42c31-c08c-43da-94c5-91847979141e"><testcase classname="backend.tests.test_iter13_guest_persistence.TestSameDevicePersistence" name="test_same_device_returns_same_user" time="0.287" /><testcase classname="backend.tests.test_iter13_guest_persistence.TestUsagePersistsAcrossLogout" name="test_usage_count_survives_logout_and_re_auth" time="2.884" /><testcase classname="backend.tests.test_iter13_guest_persistence.TestRaceProtection" name="test_five_concurrent_requests_yield_one_doc" time="0.774" /><testcase classname="backend.tests.test_iter13_guest_persistence.TestNoDeviceIdFallback" name="test_empty_body_returns_valid_guest" time="0.051" /><testcase classname="backend.tests.test_iter13_guest_persistence.TestNoDeviceIdFallback" name="test_empty_string_device_id_returns_valid_guest" time="0.046" /><testcase classname="backend.tests.test_iter13_guest_persistence.TestRegression" name="test_admin_login_still_works" time="0.047" /><testcase classname="backend.tests.test_iter13_guest_persistence.TestRegression" name="test_auth_me_with_admin_token" time="0.097" /><testcase classname="backend.tests.test_iter13_guest_persistence.TestRegression" name="test_ai_tool_smart_reply_returns_3" time="0.764" /><testcase classname="backend.tests.test_iter13_guest_persistence.TestRegression" name="test_tts_voice_nova" time="2.381" /><testcase classname="backend.tests.test_iter13_guest_persistence.TestRegression" name="test_tts_voice_coral" time="1.589" /></testsuite></testsuites>