<?xml version="1.0" encoding="utf-8"?><testsuites name="pytest tests"><testsuite name="pytest" errors="0" failures="0" skipped="0" tests="5" time="27.763" timestamp="2026-06-08T19:20:17.571939+00:00" hostname="agent-env-07a42c31-c08c-43da-94c5-91847979141e"><testcase classname="backend.tests.test_describe_translit.TestNonLatinTransliterations" name="test_hindi_hinglish" time="3.774" /><testcase classname="backend.tests.test_describe_translit.TestNonLatinTransliterations" name="test_telugu_tenglish" time="6.534" /><testcase classname="backend.tests.test_describe_translit.TestNonLatinTransliterations" name="test_tamil_tanglish" time="5.973" /><testcase classname="backend.tests.test_describe_translit.TestLatinLanguagesEmpty" name="test_english_empty" time="5.821" /><testcase classname="backend.tests.test_describe_translit.TestLatinLanguagesEmpty" name="test_spanish_empty" time="5.577" /></testsuite></testsuites>