<?xml version="1.0" encoding="utf-8"?><testsuites name="pytest tests"><testsuite name="pytest" errors="0" failures="0" skipped="0" tests="7" time="13.064" timestamp="2026-06-12T03:15:53.565818+00:00" hostname="agent-env-07a42c31-c08c-43da-94c5-91847979141e"><testcase classname="backend.tests.test_iter11_reply_and_tts.TestSmartReply" name="test_smart_reply_english_returns_4_no_translation" time="1.564" /><testcase classname="backend.tests.test_iter11_reply_and_tts.TestSmartReply" name="test_smart_reply_hindi_returns_4_each_with_english_translation" time="1.075" /><testcase classname="backend.tests.test_iter11_reply_and_tts.TestTTS" name="test_tts_hindi_uses_coral_voice" time="1.615" /><testcase classname="backend.tests.test_iter11_reply_and_tts.TestTTS" name="test_tts_english_uses_nova_voice" time="4.023" /><testcase classname="backend.tests.test_iter11_reply_and_tts.TestRegression" name="test_grammar_tool" time="1.279" /><testcase classname="backend.tests.test_iter11_reply_and_tts.TestRegression" name="test_paraphrase_tool" time="0.723" /><testcase classname="backend.tests.test_iter11_reply_and_tts.TestRegression" name="test_vocab_tool" time="2.711" /></testsuite></testsuites>