<?xml version="1.0" encoding="utf-8"?><testsuites name="pytest tests"><testsuite name="pytest" errors="0" failures="0" skipped="0" tests="14" time="23.727" timestamp="2026-06-09T04:21:49.479112+00:00" hostname="agent-env-07a42c31-c08c-43da-94c5-91847979141e"><testcase classname="backend.tests.test_iter7_ai_tools_v2.TestAuth" name="test_guest_returns_token_and_usage_fields" time="0.278" /><testcase classname="backend.tests.test_iter7_ai_tools_v2.TestAuth" name="test_me_returns_usage_fields" time="0.049" /><testcase classname="backend.tests.test_iter7_ai_tools_v2.TestSynonyms" name="test_synonyms_pipe_format" time="1.319" /><testcase classname="backend.tests.test_iter7_ai_tools_v2.TestAntonyms" name="test_antonyms_pipe_format" time="1.265" /><testcase classname="backend.tests.test_iter7_ai_tools_v2.TestGrammar" name="test_grammar_returns_corrected_and_examples" time="1.809" /><testcase classname="backend.tests.test_iter7_ai_tools_v2.TestGrammar" name="test_grammar_already_correct_text" time="1.556" /><testcase classname="backend.tests.test_iter7_ai_tools_v2.TestIdioms" name="test_idioms_six_clean_lines" time="1.456" /><testcase classname="backend.tests.test_iter7_ai_tools_v2.TestVocabTamil" name="test_vocab_tamil_script" time="2.579" /><testcase classname="backend.tests.test_iter7_ai_tools_v2.TestVocabFullTelugu" name="test_vocab_full_telugu_schema" time="8.213" /><testcase classname="backend.tests.test_iter7_ai_tools_v2.TestChat" name="test_chat_returns_natural_reply" time="1.851" /><testcase classname="backend.tests.test_iter8_refactor_regression.TestParaphrase" name="test_paraphrase_three_variants" time="1.010" /><testcase classname="backend.tests.test_iter8_refactor_regression.TestTranslate" name="test_translate_to_french" time="0.800" /><testcase classname="backend.tests.test_iter8_refactor_regression.TestOCR" name="test_ocr_extracts_or_returns_empty" time="1.423" /><testcase classname="backend.tests.test_iter8_refactor_regression.TestOCR" name="test_ocr_rejects_empty_payload" time="0.048" /></testsuite></testsuites>