<?xml version="1.0" encoding="utf-8"?><testsuites name="pytest tests"><testsuite name="pytest" errors="0" failures="0" skipped="0" tests="3" time="15.244" timestamp="2026-06-08T18:58:01.897301+00:00" hostname="agent-env-07a42c31-c08c-43da-94c5-91847979141e"><testcase classname="backend.tests.test_describe_tool.TestDescribeSchema" name="test_describe_hindi_resilient" time="3.632" /><testcase classname="backend.tests.test_describe_tool.TestDescribeSchema" name="test_describe_telugu_resilient" time="5.843" /><testcase classname="backend.tests.test_describe_tool.TestDescribeSchema" name="test_describe_tamil_resilient" time="5.684" /></testsuite></testsuites>