<?xml version="1.0" encoding="utf-8"?><testsuites name="pytest tests"><testsuite name="pytest" errors="0" failures="0" skipped="0" tests="5" time="11.447" timestamp="2026-06-13T02:35:48.560443+00:00" hostname="agent-env-07a42c31-c08c-43da-94c5-91847979141e"><testcase classname="backend.tests.test_iter15_guest_premium_and_vocab_invalid.TestGuestNeverPremium" name="test_fresh_guest_not_premium_not_admin" time="0.429" /><testcase classname="backend.tests.test_iter15_guest_premium_and_vocab_invalid.TestGuestNeverPremium" name="test_guest_manual_mongo_override_still_not_premium" time="0.097" /><testcase classname="backend.tests.test_iter15_guest_premium_and_vocab_invalid.TestAdminRegression" name="test_admin_login_premium_and_source" time="0.094" /><testcase classname="backend.tests.test_iter15_guest_premium_and_vocab_invalid.TestVocabFullInvalidAndValid" name="test_gibberish_returns_not_recognized" time="3.950" /><testcase classname="backend.tests.test_iter15_guest_premium_and_vocab_invalid.TestVocabFullInvalidAndValid" name="test_valid_word_has_tenses" time="6.738" /></testsuite></testsuites>