<?xml version="1.0" encoding="utf-8"?><testsuites name="pytest tests"><testsuite name="pytest" errors="0" failures="0" skipped="0" tests="12" time="8.314" timestamp="2026-06-08T15:13:59.423327+00:00" hostname="agent-env-07a42c31-c08c-43da-94c5-91847979141e"><testcase classname="backend.tests.test_admin_and_limits.TestAdminLogin" name="test_admin_login_success" time="0.301" /><testcase classname="backend.tests.test_admin_and_limits.TestAdminLogin" name="test_admin_login_wrong_password" time="0.059" /><testcase classname="backend.tests.test_admin_and_limits.TestAdminLogin" name="test_admin_login_wrong_email" time="0.073" /><testcase classname="backend.tests.test_admin_and_limits.TestAdminLogin" name="test_me_admin_has_flags" time="0.069" /><testcase classname="backend.tests.test_admin_and_limits.TestFreeTierLimit" name="test_5_tool_uses_then_429" time="5.183" /><testcase classname="backend.tests.test_admin_and_limits.TestFreeTierLimit" name="test_admin_not_limited" time="1.606" /><testcase classname="backend.tests.test_admin_and_limits.TestAdminWhitelist" name="test_add_requires_admin" time="0.149" /><testcase classname="backend.tests.test_admin_and_limits.TestAdminWhitelist" name="test_list_requires_admin" time="0.082" /><testcase classname="backend.tests.test_admin_and_limits.TestAdminWhitelist" name="test_delete_requires_admin" time="0.078" /><testcase classname="backend.tests.test_admin_and_limits.TestAdminWhitelist" name="test_admin_full_flow" time="0.438" /><testcase classname="backend.tests.test_admin_and_limits.TestAdminWhitelist" name="test_cannot_whitelist_admin_email" time="0.097" /><testcase classname="backend.tests.test_admin_and_limits.TestAdminWhitelist" name="test_toggle_nonexistent" time="0.092" /></testsuite></testsuites>