<?xml version="1.0" encoding="utf-8"?><testsuites name="pytest tests"><testsuite name="pytest" errors="0" failures="0" skipped="0" tests="7" time="10.968" timestamp="2026-06-09T03:15:14.787798+00:00" hostname="agent-env-07a42c31-c08c-43da-94c5-91847979141e"><testcase classname="tests.test_iter7_tools_grammar" name="test_B1_synonyms_word_pipe_definition" time="1.787" /><testcase classname="tests.test_iter7_tools_grammar" name="test_B2_antonyms_word_pipe_definition" time="1.167" /><testcase classname="tests.test_iter7_tools_grammar" name="test_B3_antonyms_proper_noun_returns_no_common_or_empty" time="0.746" /><testcase classname="tests.test_iter7_tools_grammar" name="test_B4_idioms_full_sentences_containing_phrase" time="1.295" /><testcase classname="tests.test_iter7_tools_grammar" name="test_B5_grammar_incorrect_json_shape" time="1.692" /><testcase classname="tests.test_iter7_tools_grammar" name="test_B6_grammar_already_correct_json_shape" time="1.591" /><testcase classname="tests.test_iter7_tools_grammar" name="test_B7_vocab_slim_payload_no_deep_keys" time="2.616" /></testsuite></testsuites>