<?xml version="1.0" encoding="utf-8"?><testsuites name="pytest tests"><testsuite name="pytest" errors="0" failures="0" skipped="0" tests="16" time="12.424" timestamp="2026-06-08T13:52:51.784863+00:00" hostname="agent-env-07a42c31-c08c-43da-94c5-91847979141e"><testcase classname="backend.tests.test_keymind_backend.TestAuth" name="test_guest_signin" time="0.529" /><testcase classname="backend.tests.test_keymind_backend.TestAuth" name="test_me_with_token" time="0.126" /><testcase classname="backend.tests.test_keymind_backend.TestAuth" name="test_me_without_token" time="0.123" /><testcase classname="backend.tests.test_keymind_backend.TestAuth" name="test_logout_invalidates" time="0.487" /><testcase classname="backend.tests.test_keymind_backend.TestAITools" name="test_grammar_english" time="1.004" /><testcase classname="backend.tests.test_keymind_backend.TestAITools" name="test_grammar_hinglish_preserves_roman" time="0.878" /><testcase classname="backend.tests.test_keymind_backend.TestAITools" name="test_paraphrase_returns_3" time="1.154" /><testcase classname="backend.tests.test_keymind_backend.TestAITools" name="test_translate_to_hindi" time="1.053" /><testcase classname="backend.tests.test_keymind_backend.TestAITools" name="test_tone_professional" time="0.869" /><testcase classname="backend.tests.test_keymind_backend.TestAITools" name="test_summarize_bullets" time="1.045" /><testcase classname="backend.tests.test_keymind_backend.TestAITools" name="test_synonyms_min_3" time="1.159" /><testcase classname="backend.tests.test_keymind_backend.TestAITools" name="test_emoji" time="0.873" /><testcase classname="backend.tests.test_keymind_backend.TestAITools" name="test_empty_text_returns_400" time="0.117" /><testcase classname="backend.tests.test_keymind_backend.TestChat" name="test_chat_and_history" time="2.136" /><testcase classname="backend.tests.test_keymind_backend.TestHistory" name="test_history_crud" time="0.512" /><testcase classname="backend.tests.test_keymind_backend.TestHistory" name="test_history_requires_auth" time="0.141" /></testsuite></testsuites>